<?xml version="1.0" encoding="UTF-8"?>
<!-- Generated by org.testng.reporters.JUnitXMLReporter -->
<testsuite ignored="2" hostname="LAPTOP-4NH819PF" failures="0" tests="2" name="Test2" time="61.734" errors="0" timestamp="2022-05-19T17:28:40 IST">
  <testcase classname="com.CampaignsTest.CreateCompaignTest" name="createCompaignTest" time="18.253"/>
  <testcase classname="com.OrganizationTest.OrganixzationIndustry" name="organixzationIndustry" time="12.33"/>
  <testcase classname="com.Sdet32l1.GenricScript.BaseClass" name="@BeforeSuite beforeSuite" time="0.0">
    <ignored/>
  </testcase> <!-- @BeforeSuite beforeSuite -->
  <testcase classname="com.Sdet32l1.GenricScript.BaseClass" name="@AfterSuite afterSuite" time="0.0">
    <ignored/>
  </testcase> <!-- @AfterSuite afterSuite -->
</testsuite> <!-- Test2 -->
