<?xml version="1.0" encoding="UTF-8"?>
<!-- Generated by org.testng.reporters.JUnitXMLReporter -->
<testsuite ignored="2" hostname="LAPTOP-4NH819PF" failures="0" tests="2" name="Test" time="0.947" errors="0" timestamp="2022-05-30T15:24:27 IST">
  <testcase classname="com.Sdet32l1.GenricScript.BaseClass" name="@BeforeClass beforeClass" time="0.007">
    <failure type="java.lang.NullPointerException" message="Cannot invoke &amp;quot;String.hashCode()&amp;quot; because &amp;quot;this.browser&amp;quot; is null">
      <![CDATA[java.lang.NullPointerException: Cannot invoke "String.hashCode()" because "this.browser" is null
at com.Sdet32l1.GenricScript.BaseClass.beforeClass(BaseClass.java:77)
at java.base/java.util.ArrayList.forEach(ArrayList.java:1511)
... Removed 25 stack frames]]>
    </failure>
  </testcase> <!-- @BeforeClass beforeClass -->
  <testcase classname="com.Sdet32l1.GenricScript.BaseClass" name="@BeforeMethod beforeMethod" time="-1.653904467309E9">
    <skipped/>
  </testcase> <!-- @BeforeMethod beforeMethod -->
  <testcase classname="com.Sdet32l1.GenricScript.BaseClass" name="@AfterMethod afterMethod" time="-1.653904467345E9">
    <skipped/>
  </testcase> <!-- @AfterMethod afterMethod -->
  <testcase classname="com.Sdet32l1.GenricScript.BaseClass" name="@AfterClass afterClass" time="-1.653904467351E9">
    <skipped/>
  </testcase> <!-- @AfterClass afterClass -->
  <testcase classname="com.Sdet32l1.GenricScript.BaseClass" name="@BeforeClass beforeClass" time="0.001">
    <failure type="java.lang.NullPointerException" message="Cannot invoke &amp;quot;String.hashCode()&amp;quot; because &amp;quot;this.browser&amp;quot; is null">
      <![CDATA[java.lang.NullPointerException: Cannot invoke "String.hashCode()" because "this.browser" is null
at com.Sdet32l1.GenricScript.BaseClass.beforeClass(BaseClass.java:77)
at java.base/java.util.ArrayList.forEach(ArrayList.java:1511)
... Removed 25 stack frames]]>
    </failure>
  </testcase> <!-- @BeforeClass beforeClass -->
  <testcase classname="com.Sdet32l1.GenricScript.BaseClass" name="@BeforeMethod beforeMethod" time="-1.653904467406E9">
    <skipped/>
  </testcase> <!-- @BeforeMethod beforeMethod -->
  <testcase classname="com.Sdet32l1.GenricScript.BaseClass" name="@AfterMethod afterMethod" time="-1.653904467445E9">
    <skipped/>
  </testcase> <!-- @AfterMethod afterMethod -->
  <testcase classname="com.Sdet32l1.GenricScript.BaseClass" name="@AfterClass afterClass" time="-1.653904467451E9">
    <skipped/>
  </testcase> <!-- @AfterClass afterClass -->
  <testcase classname="com.OrganizationTest.CreateOrganizationTest" name="createOrganizationTest" time="0.0">
    <skipped/>
  </testcase> <!-- createOrganizationTest -->
  <testcase classname="com.CampaignsTest.CreateCompaignTest" name="createCompaignTest" time="0.0">
    <skipped/>
  </testcase> <!-- createCompaignTest -->
  <testcase classname="com.Sdet32l1.GenricScript.BaseClass" name="@BeforeSuite beforeSuite" time="0.0">
    <ignored/>
  </testcase> <!-- @BeforeSuite beforeSuite -->
  <testcase classname="com.Sdet32l1.GenricScript.BaseClass" name="@AfterSuite afterSuite" time="0.0">
    <ignored/>
  </testcase> <!-- @AfterSuite afterSuite -->
</testsuite> <!-- Test -->
